0 info it worked if it ends with ok
1 verbose cli [ '/Users/philip/.nvm/versions/node/v5.11.1/bin/node',
1 verbose cli   '/Users/philip/.nvm/versions/node/v5.11.1/bin/npm',
1 verbose cli   'publish' ]
2 info using npm@3.8.6
3 info using node@v5.11.1
4 verbose publish [ '.' ]
5 silly cache add args [ '.', null ]
6 verbose cache add spec .
7 silly cache add parsed spec Result {
7 silly cache add   raw: '.',
7 silly cache add   scope: null,
7 silly cache add   name: null,
7 silly cache add   rawSpec: '.',
7 silly cache add   spec: '/Users/philip/github/flip-stream-js',
7 silly cache add   type: 'directory' }
8 verbose addLocalDirectory /Users/philip/.npm/flip-stream-js/0.1.1/package.tgz not in flight; packing
9 verbose correctMkdir /Users/philip/.npm correctMkdir not in flight; initializing
10 info lifecycle flip-stream-js@0.1.1~prepublish: flip-stream-js@0.1.1
11 silly lifecycle flip-stream-js@0.1.1~prepublish: no script for prepublish, continuing
12 verbose tar pack [ '/Users/philip/.npm/flip-stream-js/0.1.1/package.tgz',
12 verbose tar pack   '/Users/philip/github/flip-stream-js' ]
13 verbose tarball /Users/philip/.npm/flip-stream-js/0.1.1/package.tgz
14 verbose folder /Users/philip/github/flip-stream-js
15 verbose addLocalTarball adding from inside cache /Users/philip/.npm/flip-stream-js/0.1.1/package.tgz
16 verbose correctMkdir /Users/philip/.npm correctMkdir not in flight; initializing
17 silly cache afterAdd flip-stream-js@0.1.1
18 verbose afterAdd /Users/philip/.npm/flip-stream-js/0.1.1/package/package.json not in flight; writing
19 verbose correctMkdir /Users/philip/.npm correctMkdir not in flight; initializing
20 verbose afterAdd /Users/philip/.npm/flip-stream-js/0.1.1/package/package.json written
21 silly publish { name: 'flip-stream-js',
21 silly publish   version: '0.1.1',
21 silly publish   description: 'Streaming for browser file object',
21 silly publish   main: 'index.js',
21 silly publish   scripts: { test: 'echo "Error: no test specified" && exit 1' },
21 silly publish   author: { name: 'Philip Hutchins' },
21 silly publish   license: 'AGPLv3',
21 silly publish   readme: '# Stream from HTML5 File objects\n\n## ToDo:\n+ Add writable stream for saving files to disk in browser as a stream\n+ Add some usage documentation\n+ Add logger and debug mode for all existing logging\n',
21 silly publish   readmeFilename: 'README.md',
21 silly publish   gitHead: '26f24b37a4474f00e3949f8200ca8f6f66cfed8a',
21 silly publish   _id: 'flip-stream-js@0.1.1',
21 silly publish   _shasum: '0b6de4cf65d8286634b0bb1ce485d0358b3cad04',
21 silly publish   _from: '.' }
22 verbose getPublishConfig undefined
23 silly mapToRegistry name flip-stream-js
24 silly mapToRegistry using default registry
25 silly mapToRegistry registry https://registry.npmjs.org/
26 silly mapToRegistry data Result {
26 silly mapToRegistry   raw: 'flip-stream-js',
26 silly mapToRegistry   scope: null,
26 silly mapToRegistry   name: 'flip-stream-js',
26 silly mapToRegistry   rawSpec: '',
26 silly mapToRegistry   spec: 'latest',
26 silly mapToRegistry   type: 'tag' }
27 silly mapToRegistry uri https://registry.npmjs.org/flip-stream-js
28 verbose publish registryBase https://registry.npmjs.org/
29 silly publish uploading /Users/philip/.npm/flip-stream-js/0.1.1/package.tgz
30 verbose request uri https://registry.npmjs.org/flip-stream-js
31 verbose request sending authorization for write operation
32 info attempt registry request try #1 at 1:51:00 PM
33 verbose request using bearer token for auth
34 verbose request id 37fed6bd25336caa
35 http request PUT https://registry.npmjs.org/flip-stream-js
36 http 403 https://registry.npmjs.org/flip-stream-js
37 verbose headers { 'content-type': 'application/json',
37 verbose headers   'cache-control': 'max-age=300',
37 verbose headers   'content-length': '95',
37 verbose headers   'accept-ranges': 'bytes',
37 verbose headers   date: 'Wed, 06 Jul 2016 17:51:01 GMT',
37 verbose headers   via: '1.1 varnish',
37 verbose headers   connection: 'keep-alive',
37 verbose headers   'x-served-by': 'cache-atl6221-ATL',
37 verbose headers   'x-cache': 'MISS',
37 verbose headers   'x-cache-hits': '0',
37 verbose headers   'x-timer': 'S1467827460.432297,VS0,VE1006',
37 verbose headers   vary: 'Accept-Encoding' }
38 verbose request invalidating /Users/philip/.npm/registry.npmjs.org/flip-stream-js on PUT
39 error publish Failed PUT 403
40 verbose stack Error: "You cannot publish over the previously published version 0.1.1." : flip-stream-js
40 verbose stack     at makeError (/Users/philip/.nvm/versions/node/v5.11.1/lib/node_modules/npm/node_modules/npm-registry-client/lib/request.js:264:12)
40 verbose stack     at CachingRegistryClient.<anonymous> (/Users/philip/.nvm/versions/node/v5.11.1/lib/node_modules/npm/node_modules/npm-registry-client/lib/request.js:252:14)
40 verbose stack     at Request._callback (/Users/philip/.nvm/versions/node/v5.11.1/lib/node_modules/npm/node_modules/npm-registry-client/lib/request.js:172:14)
40 verbose stack     at Request.self.callback (/Users/philip/.nvm/versions/node/v5.11.1/lib/node_modules/npm/node_modules/request/request.js:199:22)
40 verbose stack     at emitTwo (events.js:100:13)
40 verbose stack     at Request.emit (events.js:185:7)
40 verbose stack     at Request.<anonymous> (/Users/philip/.nvm/versions/node/v5.11.1/lib/node_modules/npm/node_modules/request/request.js:1036:10)
40 verbose stack     at emitOne (events.js:95:20)
40 verbose stack     at Request.emit (events.js:182:7)
40 verbose stack     at IncomingMessage.<anonymous> (/Users/philip/.nvm/versions/node/v5.11.1/lib/node_modules/npm/node_modules/request/request.js:963:12)
41 verbose statusCode 403
42 verbose pkgid flip-stream-js
43 verbose cwd /Users/philip/github/flip-stream-js
44 error Darwin 15.5.0
45 error argv "/Users/philip/.nvm/versions/node/v5.11.1/bin/node" "/Users/philip/.nvm/versions/node/v5.11.1/bin/npm" "publish"
46 error node v5.11.1
47 error npm  v3.8.6
48 error code E403
49 error "You cannot publish over the previously published version 0.1.1." : flip-stream-js
50 error If you need help, you may report this error at:
50 error     <https://github.com/npm/npm/issues>
51 verbose exit [ 1, true ]
